<?xml version="1.0" encoding="UTF-8"?>
<!-- Generated by org.testng.reporters.JUnitReportReporter -->
<testsuite hostname="HB11536" failures="0" tests="1" name="more_ways.WindowHandle_Demo" time="13.820" errors="0" timestamp="2022-03-25T08:54:59 EDT" skipped="0">
  <testcase classname="more_ways.WindowHandle_Demo" name="fhgf" time="13.820"/>
  <system-out/>
</testsuite> <!-- more_ways.WindowHandle_Demo -->
