<?xml version="1.0" encoding="UTF-8"?>
<!-- Generated by org.testng.reporters.JUnitReportReporter -->
<testsuite hostname="HB11536" failures="0" tests="4" name="mid_term.LoginTest" time="11.299" errors="0" timestamp="2022-03-17T12:53:53 EDT" skipped="0">
  <testcase classname="mid_term.LoginTest" name="Loginwithwrongvalues" time="2.256"/>
  <system-out/>
  <testcase classname="mid_term.LoginTest" name="Loginwithrightvalue" time="2.432"/>
  <system-out/>
  <testcase classname="mid_term.LoginTest" name="patient" time="1.320"/>
  <system-out/>
  <testcase classname="mid_term.LoginTest" name="enterdata" time="5.291"/>
  <system-out/>
</testsuite> <!-- mid_term.LoginTest -->
